<?xml version="1.0" encoding="UTF-8"?>
<testng-results ignored="0" total="1" passed="1" failed="0" skipped="0">
  <reporter-output>
  </reporter-output>
  <suite started-at="2022-09-19T19:57:54 CEST" name="Surefire suite" finished-at="2022-09-19T19:57:54 CEST" duration-ms="589">
    <groups>
    </groups>
    <test started-at="2022-09-19T19:57:54 CEST" name="Surefire test" finished-at="2022-09-19T19:57:54 CEST" duration-ms="589">
      <class name="se.liu.ida.hello.StatusIT">
        <test-method signature="testStatusCode() throws java.lang.Exception" started-at="2022-09-19T19:57:54 CEST" name="testStatusCode" finished-at="2022-09-19T19:57:54 CEST" duration-ms="478" status="PASS">
          <reporter-output>
          </reporter-output>
        </test-method> <!-- testStatusCode -->
      </class> <!-- se.liu.ida.hello.StatusIT -->
    </test> <!-- Surefire test -->
  </suite> <!-- Surefire suite -->
</testng-results>
