<?xml version="1.0" encoding="UTF-8"?>
<testng-results total="1" passed="1" failed="0" skipped="0">
  <reporter-output>
  </reporter-output>
  <suite started-at="2022-09-16T09:54:58Z" name="Surefire suite" finished-at="2022-09-16T09:54:58Z" duration-ms="203">
    <groups>
    </groups>
    <test started-at="2022-09-16T09:54:58Z" name="Surefire test" finished-at="2022-09-16T09:54:58Z" duration-ms="203">
      <class name="se.liu.ida.hello.StatusIT">
        <test-method signature="testStatusCode()[pri:0, instance:testStatusCode(se.liu.ida.hello.StatusIT)]" started-at="2022-09-16T11:54:58Z" name="testStatusCode" finished-at="2022-09-16T11:54:58Z" duration-ms="177" status="PASS">
          <reporter-output>
          </reporter-output>
        </test-method> <!-- testStatusCode -->
      </class> <!-- se.liu.ida.hello.StatusIT -->
    </test> <!-- Surefire test -->
  </suite> <!-- Surefire suite -->
</testng-results>
