<?xml version="1.0" encoding="UTF-8"?>
<testng-results total="1" passed="1" failed="0" skipped="0">
  <reporter-output>
  </reporter-output>
  <suite started-at="2022-09-16T09:54:56Z" name="Surefire suite" finished-at="2022-09-16T09:54:57Z" duration-ms="72">
    <groups>
    </groups>
    <test started-at="2022-09-16T09:54:56Z" name="Surefire test" finished-at="2022-09-16T09:54:57Z" duration-ms="72">
      <class name="se.liu.ida.hello.TimeRetrieverTest">
        <test-method signature="testTimeRetriever()[pri:0, instance:testTimeRetriever(se.liu.ida.hello.TimeRetrieverTest)]" started-at="2022-09-16T11:54:57Z" name="testTimeRetriever" finished-at="2022-09-16T11:54:57Z" duration-ms="51" status="PASS">
          <reporter-output>
          </reporter-output>
        </test-method> <!-- testTimeRetriever -->
      </class> <!-- se.liu.ida.hello.TimeRetrieverTest -->
    </test> <!-- Surefire test -->
  </suite> <!-- Surefire suite -->
</testng-results>
