<?xml version="1.0" encoding="UTF-8"?>
<testng-results ignored="0" total="1" passed="1" failed="0" skipped="0">
  <reporter-output>
  </reporter-output>
  <suite started-at="2022-09-19T19:57:51 CEST" name="Surefire suite" finished-at="2022-09-19T19:57:51 CEST" duration-ms="217">
    <groups>
    </groups>
    <test started-at="2022-09-19T19:57:51 CEST" name="Surefire test" finished-at="2022-09-19T19:57:51 CEST" duration-ms="217">
      <class name="se.liu.ida.hello.TimeRetrieverTest">
        <test-method signature="testTimeRetriever() throws java.lang.Exception" started-at="2022-09-19T19:57:51 CEST" name="testTimeRetriever" finished-at="2022-09-19T19:57:51 CEST" duration-ms="117" status="PASS">
          <reporter-output>
          </reporter-output>
        </test-method> <!-- testTimeRetriever -->
      </class> <!-- se.liu.ida.hello.TimeRetrieverTest -->
    </test> <!-- Surefire test -->
  </suite> <!-- Surefire suite -->
</testng-results>
